build/app/intermediates/manifest_merge_blame_file/release/processReleaseMainManifest/manifest-merger-blame-release-report.txt
1<?xml version="1.0" encoding="utf-8"?>
2<manifest xmlns:android="http://schemas.android.com/apk/res/android"
3    package="com.example.wallmart_store_map"
4    android:versionCode="1"
5    android:versionName="1.0.0" >
6
7    <uses-sdk
8        android:minSdkVersion="21"
9        android:targetSdkVersion="35" />
10
11    <uses-permission android:name="android.permission.INTERNET" />
11-->src/main/AndroidManifest.xml:2:5-67
11-->src/main/AndroidManifest.xml:2:22-64
12    <uses-permission android:name="android.permission.CAMERA" />
12-->src/main/AndroidManifest.xml:3:5-65
12-->src/main/AndroidManifest.xml:3:22-62
13    <uses-permission android:name="android.permission.ACCESS_FINE_LOCATION" />
13-->src/main/AndroidManifest.xml:4:5-79
13-->src/main/AndroidManifest.xml:4:22-76
14    <uses-permission android:name="android.permission.ACCESS_COARSE_LOCATION" />
14-->src/main/AndroidManifest.xml:5:5-81
14-->src/main/AndroidManifest.xml:5:22-78
15    <uses-permission android:name="android.permission.WRITE_EXTERNAL_STORAGE" />
15-->src/main/AndroidManifest.xml:6:5-81
15-->src/main/AndroidManifest.xml:6:22-78
16    <uses-permission android:name="android.permission.READ_EXTERNAL_STORAGE" />
16-->src/main/AndroidManifest.xml:7:5-80
16-->src/main/AndroidManifest.xml:7:22-77
17    <uses-permission android:name="android.permission.VIBRATE" />
17-->src/main/AndroidManifest.xml:8:5-66
17-->src/main/AndroidManifest.xml:8:22-63
18    <uses-permission android:name="android.permission.FLASHLIGHT" />
18-->src/main/AndroidManifest.xml:9:5-69
18-->src/main/AndroidManifest.xml:9:22-66
19    <uses-permission android:name="android.permission.RECORD_AUDIO" />
19-->[:camera_android] AndroidManifest.xml:8:5-71
19-->[:camera_android] AndroidManifest.xml:8:22-68
20    <uses-permission android:name="android.permission.ACCESS_NETWORK_STATE" />
20-->[:connectivity_plus] AndroidManifest.xml:7:5-79
20-->[:connectivity_plus] AndroidManifest.xml:7:22-76
21    <uses-permission android:name="android.permission.POST_NOTIFICATIONS" />
21-->[:flutter_local_notifications] AndroidManifest.xml:8:5-77
21-->[:flutter_local_notifications] AndroidManifest.xml:8:22-74
22
23    <uses-feature
23-->[:mobile_scanner] AndroidManifest.xml:9:5-11:36
24        android:name="android.hardware.camera"
24-->[:mobile_scanner] AndroidManifest.xml:10:9-47
25        android:required="false" />
25-->[:mobile_scanner] AndroidManifest.xml:11:9-33
26
27    <permission
27-->[androidx.core:core:1.13.1] AndroidManifest.xml:22:5-24:47
28        android:name="com.example.wallmart_store_map.DYNAMIC_RECEIVER_NOT_EXPORTED_PERMISSION"
28-->[androidx.core:core:1.13.1] AndroidManifest.xml:23:9-81
29        android:protectionLevel="signature" />
29-->[androidx.core:core:1.13.1] AndroidManifest.xml:24:9-44
30
31    <uses-permission android:name="com.example.wallmart_store_map.DYNAMIC_RECEIVER_NOT_EXPORTED_PERMISSION" />
31-->[androidx.core:core:1.13.1] AndroidManifest.xml:26:5-97
31-->[androidx.core:core:1.13.1] AndroidManifest.xml:26:22-94
32
33    <application
34        android:name="android.app.Application"
34-->src/main/AndroidManifest.xml:13:9-42
35        android:appComponentFactory="androidx.core.app.CoreComponentFactory"
35-->[androidx.core:core:1.13.1] AndroidManifest.xml:28:18-86
36        android:extractNativeLibs="true"
37        android:icon="@mipmap/ic_launcher"
37-->src/main/AndroidManifest.xml:14:9-43
38        android:label="Wallmart Store Map" >
38-->src/main/AndroidManifest.xml:12:9-43
39        <activity
39-->src/main/AndroidManifest.xml:15:9-31:20
40            android:name="com.example.wallmart_store_map.MainActivity"
40-->src/main/AndroidManifest.xml:16:13-41
41            android:configChanges="orientation|keyboardHidden|keyboard|screenSize|smallestScreenSize|locale|layoutDirection|fontScale|screenLayout|density|uiMode"
41-->src/main/AndroidManifest.xml:20:13-163
42            android:exported="true"
42-->src/main/AndroidManifest.xml:17:13-36
43            android:hardwareAccelerated="true"
43-->src/main/AndroidManifest.xml:21:13-47
44            android:launchMode="singleTop"
44-->src/main/AndroidManifest.xml:18:13-43
45            android:theme="@style/LaunchTheme"
45-->src/main/AndroidManifest.xml:19:13-47
46            android:windowSoftInputMode="adjustResize" >
46-->src/main/AndroidManifest.xml:22:13-55
47            <meta-data
47-->src/main/AndroidManifest.xml:23:13-26:17
48                android:name="io.flutter.embedding.android.NormalTheme"
48-->src/main/AndroidManifest.xml:24:15-70
49                android:resource="@style/NormalTheme" />
49-->src/main/AndroidManifest.xml:25:15-52
50
51            <intent-filter android:autoVerify="true" >
51-->src/main/AndroidManifest.xml:27:13-30:29
51-->src/main/AndroidManifest.xml:27:28-53
52                <action android:name="android.intent.action.MAIN" />
52-->src/main/AndroidManifest.xml:28:17-68
52-->src/main/AndroidManifest.xml:28:25-66
53
54                <category android:name="android.intent.category.LAUNCHER" />
54-->src/main/AndroidManifest.xml:29:17-76
54-->src/main/AndroidManifest.xml:29:27-74
55            </intent-filter>
56        </activity>
57
58        <meta-data
58-->src/main/AndroidManifest.xml:32:9-34:33
59            android:name="flutterEmbedding"
59-->src/main/AndroidManifest.xml:33:13-44
60            android:value="2" />
60-->src/main/AndroidManifest.xml:34:13-30
61
62        <provider
62-->[:image_picker_android] AndroidManifest.xml:9:9-17:20
63            android:name="io.flutter.plugins.imagepicker.ImagePickerFileProvider"
63-->[:image_picker_android] AndroidManifest.xml:10:13-82
64            android:authorities="com.example.wallmart_store_map.flutter.image_provider"
64-->[:image_picker_android] AndroidManifest.xml:11:13-74
65            android:exported="false"
65-->[:image_picker_android] AndroidManifest.xml:12:13-37
66            android:grantUriPermissions="true" >
66-->[:image_picker_android] AndroidManifest.xml:13:13-47
67            <meta-data
67-->[:image_picker_android] AndroidManifest.xml:14:13-16:75
68                android:name="android.support.FILE_PROVIDER_PATHS"
68-->[:image_picker_android] AndroidManifest.xml:15:17-67
69                android:resource="@xml/flutter_image_picker_file_paths" />
69-->[:image_picker_android] AndroidManifest.xml:16:17-72
70        </provider> <!-- Trigger Google Play services to install the backported photo picker module. -->
71        <service
71-->[:image_picker_android] AndroidManifest.xml:19:9-31:19
72            android:name="com.google.android.gms.metadata.ModuleDependencies"
72-->[:image_picker_android] AndroidManifest.xml:20:13-78
73            android:enabled="false"
73-->[:image_picker_android] AndroidManifest.xml:21:13-36
74            android:exported="false" >
74-->[:image_picker_android] AndroidManifest.xml:22:13-37
75            <intent-filter>
75-->[:image_picker_android] AndroidManifest.xml:24:13-26:29
76                <action android:name="com.google.android.gms.metadata.MODULE_DEPENDENCIES" />
76-->[:image_picker_android] AndroidManifest.xml:25:17-94
76-->[:image_picker_android] AndroidManifest.xml:25:25-91
77            </intent-filter>
78
79            <meta-data
79-->[:image_picker_android] AndroidManifest.xml:28:13-30:36
80                android:name="photopicker_activity:0:required"
80-->[:image_picker_android] AndroidManifest.xml:29:17-63
81                android:value="" />
81-->[:image_picker_android] AndroidManifest.xml:30:17-33
82        </service>
83        <service
83-->[:geolocator_android] AndroidManifest.xml:8:9-12:56
84            android:name="com.baseflow.geolocator.GeolocatorLocationService"
84-->[:geolocator_android] AndroidManifest.xml:9:13-77
85            android:enabled="true"
85-->[:geolocator_android] AndroidManifest.xml:10:13-35
86            android:exported="false"
86-->[:geolocator_android] AndroidManifest.xml:11:13-37
87            android:foregroundServiceType="location" />
87-->[:geolocator_android] AndroidManifest.xml:12:13-53
88
89        <activity
89-->[:url_launcher_android] AndroidManifest.xml:8:9-11:74
90            android:name="io.flutter.plugins.urllauncher.WebViewActivity"
90-->[:url_launcher_android] AndroidManifest.xml:9:13-74
91            android:exported="false"
91-->[:url_launcher_android] AndroidManifest.xml:10:13-37
92            android:theme="@android:style/Theme.NoTitleBar.Fullscreen" />
92-->[:url_launcher_android] AndroidManifest.xml:11:13-71
93        <!--
94        Service for holding metadata. Cannot be instantiated.
95        Metadata will be merged from other manifests.
96        -->
97        <service
97-->[androidx.camera:camera-core:1.3.1] AndroidManifest.xml:29:9-33:78
98            android:name="androidx.camera.core.impl.MetadataHolderService"
98-->[androidx.camera:camera-core:1.3.1] AndroidManifest.xml:30:13-75
99            android:enabled="false"
99-->[androidx.camera:camera-core:1.3.1] AndroidManifest.xml:31:13-36
100            android:exported="false" >
100-->[androidx.camera:camera-core:1.3.1] AndroidManifest.xml:32:13-37
101            <meta-data
101-->[androidx.camera:camera-camera2:1.3.1] AndroidManifest.xml:30:13-32:89
102                android:name="androidx.camera.core.impl.MetadataHolderService.DEFAULT_CONFIG_PROVIDER"
102-->[androidx.camera:camera-camera2:1.3.1] AndroidManifest.xml:31:17-103
103                android:value="androidx.camera.camera2.Camera2Config$DefaultProvider" />
103-->[androidx.camera:camera-camera2:1.3.1] AndroidManifest.xml:32:17-86
104        </service>
105        <service
105-->[com.google.android.gms:play-services-mlkit-barcode-scanning:18.3.0] AndroidManifest.xml:9:9-15:19
106            android:name="com.google.mlkit.common.internal.MlKitComponentDiscoveryService"
106-->[com.google.android.gms:play-services-mlkit-barcode-scanning:18.3.0] AndroidManifest.xml:10:13-91
107            android:directBootAware="true"
107-->[com.google.mlkit:common:18.9.0] AndroidManifest.xml:17:13-43
108            android:exported="false" >
108-->[com.google.android.gms:play-services-mlkit-barcode-scanning:18.3.0] AndroidManifest.xml:11:13-37
109            <meta-data
109-->[com.google.android.gms:play-services-mlkit-barcode-scanning:18.3.0] AndroidManifest.xml:12:13-14:85
110                android:name="com.google.firebase.components:com.google.mlkit.vision.barcode.internal.BarcodeRegistrar"
110-->[com.google.android.gms:play-services-mlkit-barcode-scanning:18.3.0] AndroidManifest.xml:13:17-120
111                android:value="com.google.firebase.components.ComponentRegistrar" />
111-->[com.google.android.gms:play-services-mlkit-barcode-scanning:18.3.0] AndroidManifest.xml:14:17-82
112            <meta-data
112-->[com.google.mlkit:vision-common:17.3.0] AndroidManifest.xml:12:13-14:85
113                android:name="com.google.firebase.components:com.google.mlkit.vision.common.internal.VisionCommonRegistrar"
113-->[com.google.mlkit:vision-common:17.3.0] AndroidManifest.xml:13:17-124
114                android:value="com.google.firebase.components.ComponentRegistrar" />
114-->[com.google.mlkit:vision-common:17.3.0] AndroidManifest.xml:14:17-82
115            <meta-data
115-->[com.google.mlkit:common:18.9.0] AndroidManifest.xml:20:13-22:85
116                android:name="com.google.firebase.components:com.google.mlkit.common.internal.CommonComponentRegistrar"
116-->[com.google.mlkit:common:18.9.0] AndroidManifest.xml:21:17-120
117                android:value="com.google.firebase.components.ComponentRegistrar" />
117-->[com.google.mlkit:common:18.9.0] AndroidManifest.xml:22:17-82
118        </service>
119
120        <provider
120-->[com.google.mlkit:common:18.9.0] AndroidManifest.xml:9:9-13:38
121            android:name="com.google.mlkit.common.internal.MlKitInitProvider"
121-->[com.google.mlkit:common:18.9.0] AndroidManifest.xml:10:13-78
122            android:authorities="com.example.wallmart_store_map.mlkitinitprovider"
122-->[com.google.mlkit:common:18.9.0] AndroidManifest.xml:11:13-69
123            android:exported="false"
123-->[com.google.mlkit:common:18.9.0] AndroidManifest.xml:12:13-37
124            android:initOrder="99" />
124-->[com.google.mlkit:common:18.9.0] AndroidManifest.xml:13:13-35
125
126        <activity
126-->[com.google.android.gms:play-services-base:18.3.0] AndroidManifest.xml:20:9-22:45
127            android:name="com.google.android.gms.common.api.GoogleApiActivity"
127-->[com.google.android.gms:play-services-base:18.3.0] AndroidManifest.xml:20:19-85
128            android:exported="false"
128-->[com.google.android.gms:play-services-base:18.3.0] AndroidManifest.xml:22:19-43
129            android:theme="@android:style/Theme.Translucent.NoTitleBar" />
129-->[com.google.android.gms:play-services-base:18.3.0] AndroidManifest.xml:21:19-78
130
131        <meta-data
131-->[com.google.android.gms:play-services-basement:18.3.0] AndroidManifest.xml:21:9-23:69
132            android:name="com.google.android.gms.version"
132-->[com.google.android.gms:play-services-basement:18.3.0] AndroidManifest.xml:22:13-58
133            android:value="@integer/google_play_services_version" />
133-->[com.google.android.gms:play-services-basement:18.3.0] AndroidManifest.xml:23:13-66
134
135        <uses-library
135-->[androidx.window:window:1.2.0] AndroidManifest.xml:23:9-25:40
136            android:name="androidx.window.extensions"
136-->[androidx.window:window:1.2.0] AndroidManifest.xml:24:13-54
137            android:required="false" />
137-->[androidx.window:window:1.2.0] AndroidManifest.xml:25:13-37
138        <uses-library
138-->[androidx.window:window:1.2.0] AndroidManifest.xml:26:9-28:40
139            android:name="androidx.window.sidecar"
139-->[androidx.window:window:1.2.0] AndroidManifest.xml:27:13-51
140            android:required="false" />
140-->[androidx.window:window:1.2.0] AndroidManifest.xml:28:13-37
141
142        <provider
142-->[androidx.lifecycle:lifecycle-process:2.7.0] AndroidManifest.xml:24:9-32:20
143            android:name="androidx.startup.InitializationProvider"
143-->[androidx.lifecycle:lifecycle-process:2.7.0] AndroidManifest.xml:25:13-67
144            android:authorities="com.example.wallmart_store_map.androidx-startup"
144-->[androidx.lifecycle:lifecycle-process:2.7.0] AndroidManifest.xml:26:13-68
145            android:exported="false" >
145-->[androidx.lifecycle:lifecycle-process:2.7.0] AndroidManifest.xml:27:13-37
146            <meta-data
146-->[androidx.lifecycle:lifecycle-process:2.7.0] AndroidManifest.xml:29:13-31:52
147                android:name="androidx.lifecycle.ProcessLifecycleInitializer"
147-->[androidx.lifecycle:lifecycle-process:2.7.0] AndroidManifest.xml:30:17-78
148                android:value="androidx.startup" />
148-->[androidx.lifecycle:lifecycle-process:2.7.0] AndroidManifest.xml:31:17-49
149            <meta-data
149-->[androidx.profileinstaller:profileinstaller:1.3.1] AndroidManifest.xml:29:13-31:52
150                android:name="androidx.profileinstaller.ProfileInstallerInitializer"
150-->[androidx.profileinstaller:profileinstaller:1.3.1] AndroidManifest.xml:30:17-85
151                android:value="androidx.startup" />
151-->[androidx.profileinstaller:profileinstaller:1.3.1] AndroidManifest.xml:31:17-49
152        </provider>
153
154        <receiver
154-->[androidx.profileinstaller:profileinstaller:1.3.1] AndroidManifest.xml:34:9-52:20
155            android:name="androidx.profileinstaller.ProfileInstallReceiver"
155-->[androidx.profileinstaller:profileinstaller:1.3.1] AndroidManifest.xml:35:13-76
156            android:directBootAware="false"
156-->[androidx.profileinstaller:profileinstaller:1.3.1] AndroidManifest.xml:36:13-44
157            android:enabled="true"
157-->[androidx.profileinstaller:profileinstaller:1.3.1] AndroidManifest.xml:37:13-35
158            android:exported="true"
158-->[androidx.profileinstaller:profileinstaller:1.3.1] AndroidManifest.xml:38:13-36
159            android:permission="android.permission.DUMP" >
159-->[androidx.profileinstaller:profileinstaller:1.3.1] AndroidManifest.xml:39:13-57
160            <intent-filter>
160-->[androidx.profileinstaller:profileinstaller:1.3.1] AndroidManifest.xml:40:13-42:29
161                <action android:name="androidx.profileinstaller.action.INSTALL_PROFILE" />
161-->[androidx.profileinstaller:profileinstaller:1.3.1] AndroidManifest.xml:41:17-91
161-->[androidx.profileinstaller:profileinstaller:1.3.1] AndroidManifest.xml:41:25-88
162            </intent-filter>
163            <intent-filter>
163-->[androidx.profileinstaller:profileinstaller:1.3.1] AndroidManifest.xml:43:13-45:29
164                <action android:name="androidx.profileinstaller.action.SKIP_FILE" />
164-->[androidx.profileinstaller:profileinstaller:1.3.1] AndroidManifest.xml:44:17-85
164-->[androidx.profileinstaller:profileinstaller:1.3.1] AndroidManifest.xml:44:25-82
165            </intent-filter>
166            <intent-filter>
166-->[androidx.profileinstaller:profileinstaller:1.3.1] AndroidManifest.xml:46:13-48:29
167                <action android:name="androidx.profileinstaller.action.SAVE_PROFILE" />
167-->[androidx.profileinstaller:profileinstaller:1.3.1] AndroidManifest.xml:47:17-88
167-->[androidx.profileinstaller:profileinstaller:1.3.1] AndroidManifest.xml:47:25-85
168            </intent-filter>
169            <intent-filter>
169-->[androidx.profileinstaller:profileinstaller:1.3.1] AndroidManifest.xml:49:13-51:29
170                <action android:name="androidx.profileinstaller.action.BENCHMARK_OPERATION" />
170-->[androidx.profileinstaller:profileinstaller:1.3.1] AndroidManifest.xml:50:17-95
170-->[androidx.profileinstaller:profileinstaller:1.3.1] AndroidManifest.xml:50:25-92
171            </intent-filter>
172        </receiver>
173
174        <service
174-->[com.google.android.datatransport:transport-backend-cct:2.3.3] AndroidManifest.xml:29:9-35:19
175            android:name="com.google.android.datatransport.runtime.backends.TransportBackendDiscovery"
175-->[com.google.android.datatransport:transport-backend-cct:2.3.3] AndroidManifest.xml:30:13-103
176            android:exported="false" >
176-->[com.google.android.datatransport:transport-backend-cct:2.3.3] AndroidManifest.xml:31:13-37
177            <meta-data
177-->[com.google.android.datatransport:transport-backend-cct:2.3.3] AndroidManifest.xml:32:13-34:39
178                android:name="backend:com.google.android.datatransport.cct.CctBackendFactory"
178-->[com.google.android.datatransport:transport-backend-cct:2.3.3] AndroidManifest.xml:33:17-94
179                android:value="cct" />
179-->[com.google.android.datatransport:transport-backend-cct:2.3.3] AndroidManifest.xml:34:17-36
180        </service>
181        <service
181-->[com.google.android.datatransport:transport-runtime:2.2.6] AndroidManifest.xml:26:9-30:19
182            android:name="com.google.android.datatransport.runtime.scheduling.jobscheduling.JobInfoSchedulerService"
182-->[com.google.android.datatransport:transport-runtime:2.2.6] AndroidManifest.xml:27:13-117
183            android:exported="false"
183-->[com.google.android.datatransport:transport-runtime:2.2.6] AndroidManifest.xml:28:13-37
184            android:permission="android.permission.BIND_JOB_SERVICE" >
184-->[com.google.android.datatransport:transport-runtime:2.2.6] AndroidManifest.xml:29:13-69
185        </service>
186
187        <receiver
187-->[com.google.android.datatransport:transport-runtime:2.2.6] AndroidManifest.xml:32:9-34:40
188            android:name="com.google.android.datatransport.runtime.scheduling.jobscheduling.AlarmManagerSchedulerBroadcastReceiver"
188-->[com.google.android.datatransport:transport-runtime:2.2.6] AndroidManifest.xml:33:13-132
189            android:exported="false" />
189-->[com.google.android.datatransport:transport-runtime:2.2.6] AndroidManifest.xml:34:13-37
190    </application>
191
192</manifest>